# JRE version: OpenJDK Runtime Environment (8.0_242-b01) (build 1.8.0_242-release-1644-b01)
# Java VM: OpenJDK 64-Bit Server VM (25.242-b01 mixed mode windows-amd64 compressed oops)
Heap:
 PSYoungGen      total 443392K, used 223353K [0x00000000d5580000, 0x00000000f6a80000, 0x0000000100000000)
  eden space 413696K, 46% used [0x00000000d5580000,0x00000000e12a5890,0x00000000ee980000)
  from space 29696K, 99% used [0x00000000ee980000,0x00000000f0678ba8,0x00000000f0680000)
  to   space 40448K, 0% used [0x00000000f4300000,0x00000000f4300000,0x00000000f6a80000)
 ParOldGen       total 143872K, used 52782K [0x0000000080000000, 0x0000000088c80000, 0x00000000d5580000)
  object space 143872K, 36% used [0x0000000080000000,0x000000008338ba08,0x0000000088c80000)
 Metaspace       used 87496K, capacity 91978K, committed 92336K, reserved 1128448K
  class space    used 11461K, capacity 12339K, committed 12464K, reserved 1048576K
GC Heap History (10 events):
Event: 5.384 GC heap before
{Heap before GC invocations=10 (full 2):
 PSYoungGen      total 273408K, used 258048K [0x00000000d5580000, 0x00000000ecb00000, 0x0000000100000000)
  eden space 258048K, 100% used [0x00000000d5580000,0x00000000e5180000,0x00000000e5180000)
  from space 15360K, 0% used [0x00000000e5180000,0x00000000e5180000,0x00000000e6080000)
  to   space 14336K, 0% used [0x00000000ebd00000,0x00000000ebd00000,0x00000000ecb00000)
 ParOldGen       total 93184K, used 14715K [0x0000000080000000, 0x0000000085b00000, 0x00000000d5580000)
  object space 93184K, 15% used [0x0000000080000000,0x0000000080e5ec10,0x0000000085b00000)
 Metaspace       used 51241K, capacity 52974K, committed 53296K, reserved 1095680K
  class space    used 6799K, capacity 7156K, committed 7216K, reserved 1048576K
Event: 5.402 GC heap after
Heap after GC invocations=10 (full 2):
 PSYoungGen      total 360448K, used 14332K [0x00000000d5580000, 0x00000000ed580000, 0x0000000100000000)
  eden space 346112K, 0% used [0x00000000d5580000,0x00000000d5580000,0x00000000ea780000)
  from space 14336K, 99% used [0x00000000ebd00000,0x00000000ecaff330,0x00000000ecb00000)
  to   space 22016K, 0% used [0x00000000ea780000,0x00000000ea780000,0x00000000ebd00000)
 ParOldGen       total 93184K, used 26792K [0x0000000080000000, 0x0000000085b00000, 0x00000000d5580000)
  object space 93184K, 28% used [0x0000000080000000,0x0000000081a2a2e0,0x0000000085b00000)
 Metaspace       used 51241K, capacity 52974K, committed 53296K, reserved 1095680K
  class space    used 6799K, capacity 7156K, committed 7216K, reserved 1048576K
}
Event: 5.989 GC heap before
{Heap before GC invocations=11 (full 2):
 PSYoungGen      total 360448K, used 83953K [0x00000000d5580000, 0x00000000ed580000, 0x0000000100000000)
  eden space 346112K, 20% used [0x00000000d5580000,0x00000000d997d158,0x00000000ea780000)
  from space 14336K, 99% used [0x00000000ebd00000,0x00000000ecaff330,0x00000000ecb00000)
  to   space 22016K, 0% used [0x00000000ea780000,0x00000000ea780000,0x00000000ebd00000)
 ParOldGen       total 93184K, used 26792K [0x0000000080000000, 0x0000000085b00000, 0x00000000d5580000)
  object space 93184K, 28% used [0x0000000080000000,0x0000000081a2a2e0,0x0000000085b00000)
 Metaspace       used 56934K, capacity 59038K, committed 59160K, reserved 1099776K
  class space    used 7633K, capacity 8093K, committed 8112K, reserved 1048576K
Event: 6.004 GC heap after
Heap after GC invocations=11 (full 2):
 PSYoungGen      total 368128K, used 20332K [0x00000000d5580000, 0x00000000f2380000, 0x0000000100000000)
  eden space 346112K, 0% used [0x00000000d5580000,0x00000000d5580000,0x00000000ea780000)
  from space 22016K, 92% used [0x00000000ea780000,0x00000000ebb5b188,0x00000000ebd00000)
  to   space 24576K, 0% used [0x00000000f0b80000,0x00000000f0b80000,0x00000000f2380000)
 ParOldGen       total 93184K, used 26864K [0x0000000080000000, 0x0000000085b00000, 0x00000000d5580000)
  object space 93184K, 28% used [0x0000000080000000,0x0000000081a3c2f0,0x0000000085b00000)
 Metaspace       used 56934K, capacity 59038K, committed 59160K, reserved 1099776K
  class space    used 7633K, capacity 8093K, committed 8112K, reserved 1048576K
}
Event: 6.004 GC heap before
{Heap before GC invocations=12 (full 3):
 PSYoungGen      total 368128K, used 20332K [0x00000000d5580000, 0x00000000f2380000, 0x0000000100000000)
  eden space 346112K, 0% used [0x00000000d5580000,0x00000000d5580000,0x00000000ea780000)
  from space 22016K, 92% used [0x00000000ea780000,0x00000000ebb5b188,0x00000000ebd00000)
  to   space 24576K, 0% used [0x00000000f0b80000,0x00000000f0b80000,0x00000000f2380000)
 ParOldGen       total 93184K, used 26864K [0x0000000080000000, 0x0000000085b00000, 0x00000000d5580000)
  object space 93184K, 28% used [0x0000000080000000,0x0000000081a3c2f0,0x0000000085b00000)
 Metaspace       used 56934K, capacity 59038K, committed 59160K, reserved 1099776K
  class space    used 7633K, capacity 8093K, committed 8112K, reserved 1048576K
Event: 6.165 GC heap after
Heap after GC invocations=12 (full 3):
 PSYoungGen      total 368128K, used 0K [0x00000000d5580000, 0x00000000f2380000, 0x0000000100000000)
  eden space 346112K, 0% used [0x00000000d5580000,0x00000000d5580000,0x00000000ea780000)
  from space 22016K, 0% used [0x00000000ea780000,0x00000000ea780000,0x00000000ebd00000)
  to   space 24576K, 0% used [0x00000000f0b80000,0x00000000f0b80000,0x00000000f2380000)
 ParOldGen       total 143872K, used 33043K [0x0000000080000000, 0x0000000088c80000, 0x00000000d5580000)
  object space 143872K, 22% used [0x0000000080000000,0x0000000082044c50,0x0000000088c80000)
 Metaspace       used 56866K, capacity 58836K, committed 59160K, reserved 1099776K
  class space    used 7615K, capacity 8066K, committed 8112K, reserved 1048576K
}
Event: 8.779 GC heap before
{Heap before GC invocations=13 (full 3):
 PSYoungGen      total 368128K, used 346112K [0x00000000d5580000, 0x00000000f2380000, 0x0000000100000000)
  eden space 346112K, 100% used [0x00000000d5580000,0x00000000ea780000,0x00000000ea780000)
  from space 22016K, 0% used [0x00000000ea780000,0x00000000ea780000,0x00000000ebd00000)
  to   space 24576K, 0% used [0x00000000f0b80000,0x00000000f0b80000,0x00000000f2380000)
 ParOldGen       total 143872K, used 33043K [0x0000000080000000, 0x0000000088c80000, 0x00000000d5580000)
  object space 143872K, 22% used [0x0000000080000000,0x0000000082044c50,0x0000000088c80000)
 Metaspace       used 72756K, capacity 76116K, committed 76208K, reserved 1114112K
  class space    used 9923K, capacity 10612K, committed 10672K, reserved 1048576K
Event: 8.801 GC heap after
Heap after GC invocations=13 (full 3):
 PSYoungGen      total 431104K, used 24571K [0x00000000d5580000, 0x00000000f2380000, 0x0000000100000000)
  eden space 406528K, 0% used [0x00000000d5580000,0x00000000d5580000,0x00000000ee280000)
  from space 24576K, 99% used [0x00000000f0b80000,0x00000000f237ef80,0x00000000f2380000)
  to   space 29696K, 0% used [0x00000000ee980000,0x00000000ee980000,0x00000000f0680000)
 ParOldGen       total 143872K, used 37230K [0x0000000080000000, 0x0000000088c80000, 0x00000000d5580000)
  object space 143872K, 25% used [0x0000000080000000,0x000000008245bb68,0x0000000088c80000)
 Metaspace       used 72756K, capacity 76116K, committed 76208K, reserved 1114112K
  class space    used 9923K, capacity 10612K, committed 10672K, reserved 1048576K
}
Event: 60.976 GC heap before
{Heap before GC invocations=14 (full 3):
 PSYoungGen      total 431104K, used 431099K [0x00000000d5580000, 0x00000000f2380000, 0x0000000100000000)
  eden space 406528K, 100% used [0x00000000d5580000,0x00000000ee280000,0x00000000ee280000)
  from space 24576K, 99% used [0x00000000f0b80000,0x00000000f237ef80,0x00000000f2380000)
  to   space 29696K, 0% used [0x00000000ee980000,0x00000000ee980000,0x00000000f0680000)
 ParOldGen       total 143872K, used 37230K [0x0000000080000000, 0x0000000088c80000, 0x00000000d5580000)
  object space 143872K, 25% used [0x0000000080000000,0x000000008245bb68,0x0000000088c80000)
 Metaspace       used 86072K, capacity 90452K, committed 90544K, reserved 1128448K
  class space    used 11333K, capacity 12188K, committed 12208K, reserved 1048576K
Event: 61.019 GC heap after
Heap after GC invocations=14 (full 3):
 PSYoungGen      total 443392K, used 29666K [0x00000000d5580000, 0x00000000f6a80000, 0x0000000100000000)
  eden space 413696K, 0% used [0x00000000d5580000,0x00000000d5580000,0x00000000ee980000)
  from space 29696K, 99% used [0x00000000ee980000,0x00000000f0678ba8,0x00000000f0680000)
  to   space 40448K, 0% used [0x00000000f4300000,0x00000000f4300000,0x00000000f6a80000)
 ParOldGen       total 143872K, used 52782K [0x0000000080000000, 0x0000000088c80000, 0x00000000d5580000)
  object space 143872K, 36% used [0x0000000080000000,0x000000008338ba08,0x0000000088c80000)
 Metaspace       used 86072K, capacity 90452K, committed 90544K, reserved 1128448K
  class space    used 11333K, capacity 12188K, committed 12208K, reserved 1048576K
}

