# JRE version: OpenJDK Runtime Environment (8.0_242-b01) (build 1.8.0_242-release-1644-b01)
# Java VM: OpenJDK 64-Bit Server VM (25.242-b01 mixed mode windows-amd64 compressed oops)
Heap:
 PSYoungGen      total 643584K, used 107273K [0x00000000d5580000, 0x0000000100000000, 0x0000000100000000)
  eden space 585728K, 18% used [0x00000000d5580000,0x00000000dbe42660,0x00000000f9180000)
  from space 57856K, 0% used [0x00000000fc780000,0x00000000fc780000,0x0000000100000000)
  to   space 55296K, 0% used [0x00000000f9180000,0x00000000f9180000,0x00000000fc780000)
 ParOldGen       total 242176K, used 93125K [0x0000000080000000, 0x000000008ec80000, 0x00000000d5580000)
  object space 242176K, 38% used [0x0000000080000000,0x0000000085af1588,0x000000008ec80000)
 Metaspace       used 85664K, capacity 89516K, committed 92328K, reserved 1128448K
  class space    used 11284K, capacity 12042K, committed 12720K, reserved 1048576K
GC Heap History (10 events):
Event: 17.378 GC heap before
{Heap before GC invocations=19 (full 3):
 PSYoungGen      total 450560K, used 450544K [0x00000000d5580000, 0x00000000fa880000, 0x0000000100000000)
  eden space 417280K, 100% used [0x00000000d5580000,0x00000000eed00000,0x00000000eed00000)
  from space 33280K, 99% used [0x00000000eed00000,0x00000000f0d7c160,0x00000000f0d80000)
  to   space 47616K, 0% used [0x00000000f7a00000,0x00000000f7a00000,0x00000000fa880000)
 ParOldGen       total 122368K, used 85599K [0x0000000080000000, 0x0000000087780000, 0x00000000d5580000)
  object space 122368K, 69% used [0x0000000080000000,0x0000000085397d28,0x0000000087780000)
 Metaspace       used 86085K, capacity 91604K, committed 91816K, reserved 1128448K
  class space    used 11610K, capacity 12622K, committed 12720K, reserved 1048576K
Event: 17.422 GC heap after
Heap after GC invocations=19 (full 3):
 PSYoungGen      total 558080K, used 35972K [0x00000000d5580000, 0x00000000fbf80000, 0x0000000100000000)
  eden space 510464K, 0% used [0x00000000d5580000,0x00000000d5580000,0x00000000f4800000)
  from space 47616K, 75% used [0x00000000f7a00000,0x00000000f9d213d0,0x00000000fa880000)
  to   space 51200K, 0% used [0x00000000f4800000,0x00000000f4800000,0x00000000f7a00000)
 ParOldGen       total 122368K, used 94973K [0x0000000080000000, 0x0000000087780000, 0x00000000d5580000)
  object space 122368K, 77% used [0x0000000080000000,0x0000000085cbf7c8,0x0000000087780000)
 Metaspace       used 86085K, capacity 91604K, committed 91816K, reserved 1128448K
  class space    used 11610K, capacity 12622K, committed 12720K, reserved 1048576K
}
Event: 17.945 GC heap before
{Heap before GC invocations=20 (full 3):
 PSYoungGen      total 558080K, used 546436K [0x00000000d5580000, 0x00000000fbf80000, 0x0000000100000000)
  eden space 510464K, 100% used [0x00000000d5580000,0x00000000f4800000,0x00000000f4800000)
  from space 47616K, 75% used [0x00000000f7a00000,0x00000000f9d213d0,0x00000000fa880000)
  to   space 51200K, 0% used [0x00000000f4800000,0x00000000f4800000,0x00000000f7a00000)
 ParOldGen       total 122368K, used 94973K [0x0000000080000000, 0x0000000087780000, 0x00000000d5580000)
  object space 122368K, 77% used [0x0000000080000000,0x0000000085cbf7c8,0x0000000087780000)
 Metaspace       used 86332K, capacity 91850K, committed 92072K, reserved 1128448K
  class space    used 11615K, capacity 12627K, committed 12720K, reserved 1048576K
Event: 17.995 GC heap after
Heap after GC invocations=20 (full 3):
 PSYoungGen      total 561664K, used 46935K [0x00000000d5580000, 0x0000000100000000, 0x0000000100000000)
  eden space 510464K, 0% used [0x00000000d5580000,0x00000000d5580000,0x00000000f4800000)
  from space 51200K, 91% used [0x00000000f4800000,0x00000000f75d5d50,0x00000000f7a00000)
  to   space 57856K, 0% used [0x00000000fc780000,0x00000000fc780000,0x0000000100000000)
 ParOldGen       total 122368K, used 94981K [0x0000000080000000, 0x0000000087780000, 0x00000000d5580000)
  object space 122368K, 77% used [0x0000000080000000,0x0000000085cc17c8,0x0000000087780000)
 Metaspace       used 86332K, capacity 91850K, committed 92072K, reserved 1128448K
  class space    used 11615K, capacity 12627K, committed 12720K, reserved 1048576K
}
Event: 18.460 GC heap before
{Heap before GC invocations=21 (full 3):
 PSYoungGen      total 561664K, used 557399K [0x00000000d5580000, 0x0000000100000000, 0x0000000100000000)
  eden space 510464K, 100% used [0x00000000d5580000,0x00000000f4800000,0x00000000f4800000)
  from space 51200K, 91% used [0x00000000f4800000,0x00000000f75d5d50,0x00000000f7a00000)
  to   space 57856K, 0% used [0x00000000fc780000,0x00000000fc780000,0x0000000100000000)
 ParOldGen       total 122368K, used 94981K [0x0000000080000000, 0x0000000087780000, 0x00000000d5580000)
  object space 122368K, 77% used [0x0000000080000000,0x0000000085cc17c8,0x0000000087780000)
 Metaspace       used 86533K, capacity 92100K, committed 92328K, reserved 1128448K
  class space    used 11620K, capacity 12632K, committed 12720K, reserved 1048576K
Event: 18.500 GC heap after
Heap after GC invocations=21 (full 3):
 PSYoungGen      total 643584K, used 26150K [0x00000000d5580000, 0x0000000100000000, 0x0000000100000000)
  eden space 585728K, 0% used [0x00000000d5580000,0x00000000d5580000,0x00000000f9180000)
  from space 57856K, 45% used [0x00000000fc780000,0x00000000fe1099b0,0x0000000100000000)
  to   space 55296K, 0% used [0x00000000f9180000,0x00000000f9180000,0x00000000fc780000)
 ParOldGen       total 122368K, used 114491K [0x0000000080000000, 0x0000000087780000, 0x00000000d5580000)
  object space 122368K, 93% used [0x0000000080000000,0x0000000086fcecc0,0x0000000087780000)
 Metaspace       used 86533K, capacity 92100K, committed 92328K, reserved 1128448K
  class space    used 11620K, capacity 12632K, committed 12720K, reserved 1048576K
}
Event: 18.500 GC heap before
{Heap before GC invocations=22 (full 4):
 PSYoungGen      total 643584K, used 26150K [0x00000000d5580000, 0x0000000100000000, 0x0000000100000000)
  eden space 585728K, 0% used [0x00000000d5580000,0x00000000d5580000,0x00000000f9180000)
  from space 57856K, 45% used [0x00000000fc780000,0x00000000fe1099b0,0x0000000100000000)
  to   space 55296K, 0% used [0x00000000f9180000,0x00000000f9180000,0x00000000fc780000)
 ParOldGen       total 122368K, used 114491K [0x0000000080000000, 0x0000000087780000, 0x00000000d5580000)
  object space 122368K, 93% used [0x0000000080000000,0x0000000086fcecc0,0x0000000087780000)
 Metaspace       used 86533K, capacity 92100K, committed 92328K, reserved 1128448K
  class space    used 11620K, capacity 12632K, committed 12720K, reserved 1048576K
Event: 18.709 GC heap after
Heap after GC invocations=22 (full 4):
 PSYoungGen      total 643584K, used 0K [0x00000000d5580000, 0x0000000100000000, 0x0000000100000000)
  eden space 585728K, 0% used [0x00000000d5580000,0x00000000d5580000,0x00000000f9180000)
  from space 57856K, 0% used [0x00000000fc780000,0x00000000fc780000,0x0000000100000000)
  to   space 55296K, 0% used [0x00000000f9180000,0x00000000f9180000,0x00000000fc780000)
 ParOldGen       total 122368K, used 99507K [0x0000000080000000, 0x0000000087780000, 0x00000000d5580000)
  object space 122368K, 81% used [0x0000000080000000,0x000000008612cc60,0x0000000087780000)
 Metaspace       used 85520K, capacity 89332K, committed 92328K, reserved 1128448K
  class space    used 11280K, capacity 12036K, committed 12720K, reserved 1048576K
}
Event: 19.272 GC heap before
{Heap before GC invocations=23 (full 5):
 PSYoungGen      total 643584K, used 585728K [0x00000000d5580000, 0x0000000100000000, 0x0000000100000000)
  eden space 585728K, 100% used [0x00000000d5580000,0x00000000f9180000,0x00000000f9180000)
  from space 57856K, 0% used [0x00000000fc780000,0x00000000fc780000,0x0000000100000000)
  to   space 55296K, 0% used [0x00000000f9180000,0x00000000f9180000,0x00000000fc780000)
 ParOldGen       total 122368K, used 99507K [0x0000000080000000, 0x0000000087780000, 0x00000000d5580000)
  object space 122368K, 81% used [0x0000000080000000,0x000000008612cc60,0x0000000087780000)
 Metaspace       used 85649K, capacity 89506K, committed 92328K, reserved 1128448K
  class space    used 11284K, capacity 12041K, committed 12720K, reserved 1048576K
Event: 19.504 GC heap after
Heap after GC invocations=23 (full 5):
 PSYoungGen      total 643584K, used 0K [0x00000000d5580000, 0x0000000100000000, 0x0000000100000000)
  eden space 585728K, 0% used [0x00000000d5580000,0x00000000d5580000,0x00000000f9180000)
  from space 57856K, 0% used [0x00000000fc780000,0x00000000fc780000,0x0000000100000000)
  to   space 55296K, 0% used [0x00000000f9180000,0x00000000f9180000,0x00000000fc780000)
 ParOldGen       total 242176K, used 93125K [0x0000000080000000, 0x000000008ec80000, 0x00000000d5580000)
  object space 242176K, 38% used [0x0000000080000000,0x0000000085af1588,0x000000008ec80000)
 Metaspace       used 85649K, capacity 89506K, committed 92328K, reserved 1128448K
  class space    used 11284K, capacity 12041K, committed 12720K, reserved 1048576K
}

